<?xml version="1.0" encoding="UTF-8"?>
<!-- Generated by org.testng.reporters.JUnitReportReporter -->
<testsuite hostname="DESKTOP-VUAPF35" failures="0" tests="1" name="dataproviderTest" time="5.915" errors="0" timestamp="2022-03-08T09:50:59 EST" skipped="0">
  <testcase classname="dataproviderTest" name="login" time="5.915"/>
  <system-out/>
</testsuite> <!-- dataproviderTest -->
