<?xml version="1.0" encoding="UTF-8"?>
<!-- Generated by org.testng.reporters.JUnitReportReporter -->
<testsuite hostname="DESKTOP-VUAPF35" failures="0" tests="3" name="demoqa.test.selectableTest" time="6.449" errors="0" timestamp="2022-03-07T17:16:00 EST" skipped="0">
  <testcase classname="demoqa.test.selectableTest" name="login" time="5.284"/>
  <system-out/>
  <testcase classname="demoqa.test.selectableTest" name="selectList" time="0.574"/>
  <system-out/>
  <testcase classname="demoqa.test.selectableTest" name="selectGrid" time="0.591"/>
  <system-out/>
</testsuite> <!-- demoqa.test.selectableTest -->
