<?xml version="1.0" encoding="UTF-8"?>
<!-- Generated by org.testng.reporters.JUnitReportReporter -->
<testsuite hostname="DESKTOP-VUAPF35" failures="0" tests="4" name="demoqa.test.alertsTest" time="14.056" errors="0" timestamp="2022-03-09T09:35:04 EST" skipped="0">
  <testcase classname="demoqa.test.alertsTest" name="demologin" time="5.075"/>
  <system-out/>
  <testcase classname="demoqa.test.alertsTest" name="alert1" time="0.111"/>
  <system-out/>
  <testcase classname="demoqa.test.alertsTest" name="alert2" time="0.399"/>
  <system-out/>
  <testcase classname="demoqa.test.alertsTest" name="alert3" time="8.471"/>
  <system-out/>
</testsuite> <!-- demoqa.test.alertsTest -->
