<?xml version="1.0" encoding="UTF-8"?>
<!-- Generated by org.testng.reporters.JUnitReportReporter -->
<testsuite hostname="DESKTOP-VUAPF35" failures="0" tests="3" name="demoqa.test.selectableTest" time="5.910" errors="0" timestamp="2022-03-11T11:16:36 EST" skipped="0">
  <testcase classname="demoqa.test.selectableTest" name="login" time="4.394"/>
  <system-out/>
  <testcase classname="demoqa.test.selectableTest" name="selectList" time="0.643"/>
  <system-out/>
  <testcase classname="demoqa.test.selectableTest" name="selectGrid" time="0.873"/>
  <system-out/>
</testsuite> <!-- demoqa.test.selectableTest -->
