<?xml version="1.0" encoding="UTF-8"?>
<!-- Generated by org.testng.reporters.JUnitReportReporter -->
<testsuite hostname="DESKTOP-VUAPF35" failures="0" tests="1" name="demoqa.test.dragAnddropTest" time="6.203" errors="0" timestamp="2022-03-11T11:16:59 EST" skipped="0">
  <testcase classname="demoqa.test.dragAnddropTest" name="drag" time="6.203"/>
  <system-out/>
</testsuite> <!-- demoqa.test.dragAnddropTest -->
