<?xml version="1.0" encoding="UTF-8"?>
<!-- Generated by org.testng.reporters.JUnitReportReporter -->
<testsuite hostname="DESKTOP-VUAPF35" failures="0" tests="4" name="demoqa.test.alertsTest" time="6.794" errors="0" timestamp="2022-03-11T11:18:35 EST" skipped="0">
  <testcase classname="demoqa.test.alertsTest" name="demologin" time="5.980"/>
  <system-out/>
  <testcase classname="demoqa.test.alertsTest" name="alert1" time="0.094"/>
  <system-out/>
  <testcase classname="demoqa.test.alertsTest" name="alert2" time="0.271"/>
  <system-out/>
  <testcase classname="demoqa.test.alertsTest" name="alert3" time="0.449"/>
  <system-out/>
</testsuite> <!-- demoqa.test.alertsTest -->
