<?xml version="1.0" encoding="UTF-8"?>
<!-- Generated by org.testng.reporters.JUnitReportReporter -->
<testsuite hostname="DESKTOP-VUAPF35" failures="0" tests="2" name="demoqa.test.framesTest" time="6.696" errors="0" timestamp="02 Mar 2022 19:08:51 GMT" skipped="0">
  <testcase classname="demoqa.test.framesTest" name="login" time="6.128"/>
  <testcase classname="demoqa.test.framesTest" name="test1" time="0.568"/>
</testsuite> <!-- demoqa.test.framesTest -->
