<?xml version="1.0" encoding="UTF-8"?>
<!-- Generated by org.testng.reporters.JUnitReportReporter -->
<testsuite hostname="DESKTOP-VUAPF35" failures="0" tests="1" name="org.test.orangehrmlogin" time="5.066" errors="0" timestamp="01 Mar 2022 01:49:00 GMT" skipped="0">
  <testcase classname="org.test.orangehrmlogin" name="login" time="5.066"/>
</testsuite> <!-- org.test.orangehrmlogin -->
