<?xml version="1.0" encoding="UTF-8"?>
<!-- Generated by org.testng.reporters.JUnitReportReporter -->
<testsuite hostname="DESKTOP-VUAPF35" failures="0" tests="2" name="org.test.firstTestcasetest" time="12.227" errors="0" timestamp="2022-03-11T11:18:15 EST" skipped="0">
  <testcase classname="org.test.firstTestcasetest" name="welcome" time="4.501"/>
  <system-out/>
  <testcase classname="org.test.firstTestcasetest" name="adminmenu" time="7.726"/>
  <system-out/>
</testsuite> <!-- org.test.firstTestcasetest -->
