<?xml version="1.0" encoding="UTF-8"?>
<!-- Generated by org.testng.reporters.JUnitReportReporter -->
<testsuite hostname="DESKTOP-VUAPF35" failures="0" tests="3" name="FirstTest" time="0.011" errors="0" timestamp="02 Mar 2022 00:56:39 GMT" skipped="0">
  <testcase classname="FirstTest" name="one" time="0.007"/>
  <testcase classname="FirstTest" name="two" time="0.002"/>
  <testcase classname="FirstTest" name="eleven" time="0.002"/>
</testsuite> <!-- FirstTest -->
