<?xml version="1.0" encoding="UTF-8"?>
<!-- Generated by org.testng.reporters.JUnitReportReporter -->
<testsuite hostname="DESKTOP-VUAPF35" failures="0" tests="1" name="parametersTest" time="5.285" errors="0" timestamp="2022-03-08T09:43:36 EST" skipped="0">
  <testcase classname="parametersTest" name="login" time="5.285"/>
  <system-out/>
</testsuite> <!-- parametersTest -->
