<?xml version="1.0" encoding="UTF-8"?>
<!-- Generated by org.testng.reporters.JUnitReportReporter -->
<testsuite hostname="DESKTOP-VUAPF35" failures="0" tests="2" name="LoginTest" time="8.233" errors="0" timestamp="2022-03-07T15:00:57 EST" skipped="0">
  <testcase classname="LoginTest" name="login" time="3.981"/>
  <system-out/>
  <testcase classname="LoginTest" name="login" time="4.252"/>
  <system-out/>
</testsuite> <!-- LoginTest -->
