<?xml version="1.0" encoding="UTF-8"?>
<!-- Generated by org.testng.reporters.JUnitReportReporter -->
<testsuite hostname="DESKTOP-VUAPF35" failures="0" tests="1" name="demoqa.test.dragAnddropTest" time="4.250" errors="0" timestamp="2022-03-07T17:16:00 EST" skipped="0">
  <testcase classname="demoqa.test.dragAnddropTest" name="drag" time="4.250"/>
  <system-out/>
</testsuite> <!-- demoqa.test.dragAnddropTest -->
