<?xml version="1.0" encoding="UTF-8"?>
<!-- Generated by org.testng.reporters.JUnitReportReporter -->
<testsuite hostname="DESKTOP-VUAPF35" failures="0" tests="3" name="FirstTest" time="0.012" errors="0" timestamp="01 Mar 2022 01:39:12 GMT" skipped="0">
  <testcase classname="FirstTest" name="one" time="0.006"/>
  <testcase classname="FirstTest" name="two" time="0.004"/>
  <testcase classname="FirstTest" name="eleven" time="0.002"/>
</testsuite> <!-- FirstTest -->
