<?xml version="1.0" encoding="UTF-8"?>
<!-- Generated by org.testng.reporters.JUnitReportReporter -->
<testsuite hostname="DESKTOP-VUAPF35" failures="0" tests="2" name="demoqa.test.tooltipTest" time="5.079" errors="0" timestamp="2022-03-11T11:17:25 EST" skipped="0">
  <testcase classname="demoqa.test.tooltipTest" name="login" time="4.268"/>
  <system-out/>
  <testcase classname="demoqa.test.tooltipTest" name="test1" time="0.811"/>
  <system-out/>
</testsuite> <!-- demoqa.test.tooltipTest -->
