<?xml version="1.0" encoding="UTF-8"?>
<!-- Generated by org.testng.reporters.JUnitReportReporter -->
<testsuite hostname="DESKTOP-VUAPF35" failures="0" tests="4" name="org.test.Alerttest" time="11.281" errors="0" timestamp="01 Mar 2022 21:14:26 GMT" skipped="0">
  <testcase classname="org.test.Alerttest" name="demologin" time="6.686"/>
  <testcase classname="org.test.Alerttest" name="alert1" time="0.130"/>
  <testcase classname="org.test.Alerttest" name="alert2" time="0.315"/>
  <testcase classname="org.test.Alerttest" name="alert3" time="4.150"/>
</testsuite> <!-- org.test.Alerttest -->
