<?xml version="1.0" encoding="UTF-8"?>
<!-- Generated by org.testng.reporters.JUnitReportReporter -->
<testsuite hostname="DESKTOP-VUAPF35" failures="0" tests="2" name="org.test.firstTestcasetest" time="6.379" errors="0" timestamp="01 Mar 2022 15:26:59 GMT" skipped="0">
  <testcase classname="org.test.firstTestcasetest" name="welcome" time="4.712"/>
  <testcase classname="org.test.firstTestcasetest" name="adminmenu" time="1.667"/>
</testsuite> <!-- org.test.firstTestcasetest -->
