<?xml version="1.0" encoding="UTF-8"?>
<!-- Generated by org.testng.reporters.JUnitReportReporter -->
<testsuite hostname="DESKTOP-VUAPF35" failures="0" tests="3" name="FirstTest" time="0.023" errors="0" timestamp="28 Feb 2022 01:48:28 GMT" skipped="0">
  <testcase classname="FirstTest" name="one" time="0.009"/>
  <testcase classname="FirstTest" name="two" time="0.009"/>
  <testcase classname="FirstTest" name="eleven" time="0.005"/>
</testsuite> <!-- FirstTest -->
